#
# There is insufficient memory for the Java Runtime Environment to continue.
# Native memory allocation (mmap) failed to map 48234496 bytes for committing reserved memory.
# Possible reasons:
#   The system is out of physical RAM or swap space
#   The process is running with CompressedOops enabled, and the Java Heap may be blocking the growth of the native heap
# Possible solutions:
#   Reduce memory load on the system
#   Increase physical memory or swap space
#   Check if swap backing store is full
#   Decrease Java heap size (-Xmx/-Xms)
#   Decrease number of Java threads
#   Decrease Java thread stack sizes (-Xss)
#   Set larger code cache with -XX:ReservedCodeCacheSize=
#   JVM is running with Unscaled Compressed Oops mode in which the Java heap is
#     placed in the first 4GB address space. The Java Heap base address is the
#     maximum limit for the native heap growth. Please use -XX:HeapBaseMinAddress
#     to set the Java Heap base and to place the Java Heap above 4GB virtual address.
# This output file may be truncated or incomplete.
#
#  Out of Memory Error (os_linux.cpp:2794), pid=28920, tid=0x00007f23af794700
#
# JRE version: OpenJDK Runtime Environment (8.0_362-b09) (build 1.8.0_362-8u372-ga~us1-0ubuntu1~18.04-b09)
# Java VM: OpenJDK 64-Bit Server VM (25.362-b09 mixed mode linux-amd64 compressed oops)
# Failed to write core dump. Core dumps have been disabled. To enable core dumping, try "ulimit -c unlimited" before starting Java again
#

---------------  T H R E A D  ---------------

Current thread (0x00007f23d407a000):  VMThread [stack: 0x00007f23af695000,0x00007f23af795000] [id=28943]

Stack: [0x00007f23af695000,0x00007f23af795000],  sp=0x00007f23af793340,  free space=1016k
Native frames: (J=compiled Java code, j=interpreted, Vv=VM code, C=native code)
V  [libjvm.so+0xb73832]
V  [libjvm.so+0x4faf47]
V  [libjvm.so+0x998e80]
V  [libjvm.so+0x992d2e]
V  [libjvm.so+0xa17eb6]
V  [libjvm.so+0xa19228]
V  [libjvm.so+0xa154e6]
V  [libjvm.so+0xa158cc]
V  [libjvm.so+0x9c3648]
V  [libjvm.so+0xb76252]
V  [libjvm.so+0xb7bea0]
V  [libjvm.so+0xb79c5d]
V  [libjvm.so+0xb7a13b]
V  [libjvm.so+0xb7a54f]
V  [libjvm.so+0x9961c2]

VM_Operation (0x00007f23dae1e190): ParallelGCFailedAllocation, mode: safepoint, requested by thread 0x00007f23d400b800


---------------  P R O C E S S  ---------------

Java Threads: ( => current thread )
  0x00007f23d40ce800 JavaThread "Service Thread" daemon [_thread_blocked, id=28951, stack(0x00007f23aec97000,0x00007f23aed98000)]
  0x00007f23d40c3800 JavaThread "C1 CompilerThread2" daemon [_thread_blocked, id=28950, stack(0x00007f23aed99000,0x00007f23aee99000)]
  0x00007f23d40c1800 JavaThread "C2 CompilerThread1" daemon [_thread_blocked, id=28949, stack(0x00007f23aee9a000,0x00007f23aef9a000)]
  0x00007f23d40bf000 JavaThread "C2 CompilerThread0" daemon [_thread_blocked, id=28948, stack(0x00007f23aef9b000,0x00007f23af09b000)]
  0x00007f23d40b7800 JavaThread "Signal Dispatcher" daemon [_thread_blocked, id=28947, stack(0x00007f23af09b000,0x00007f23af19c000)]
  0x00007f23d4088000 JavaThread "Finalizer" daemon [_thread_blocked, id=28945, stack(0x00007f23af492000,0x00007f23af593000)]
  0x00007f23d4083800 JavaThread "Reference Handler" daemon [_thread_blocked, id=28944, stack(0x00007f23af593000,0x00007f23af694000)]
  0x00007f23d400b800 JavaThread "main" [_thread_blocked, id=28938, stack(0x00007f23dad21000,0x00007f23dae21000)]

Other Threads:
=>0x00007f23d407a000 VMThread [stack: 0x00007f23af695000,0x00007f23af795000] [id=28943]
  0x00007f23d40d1800 WatcherThread [stack: 0x00007f23aeb97000,0x00007f23aec97000] [id=28952]

VM state:at safepoint (normal execution)

VM Mutex/Monitor currently owned by a thread:  ([mutex/lock_event])
[0x00007f23d4008210] Threads_lock - owner thread: 0x00007f23d407a000
[0x00007f23d4008710] Heap_lock - owner thread: 0x00007f23d400b800

heap address: 0x00000000b4600000, size: 1210 MB, Compressed Oops mode: 32-bit
Narrow klass base: 0x0000000000000000, Narrow klass shift: 3
Compressed class space size: 1073741824 Address: 0x0000000100000000

Heap:
 PSYoungGen      total 254464K, used 32756K [0x00000000e6d00000, 0x00000000f9e80000, 0x0000000100000000)
  eden space 221696K, 0% used [0x00000000e6d00000,0x00000000e6d00000,0x00000000f4580000)
  from space 32768K, 99% used [0x00000000f4580000,0x00000000f657d340,0x00000000f6580000)
  to   space 18944K, 0% used [0x00000000f6580000,0x00000000f6580000,0x00000000f7800000)
 ParOldGen       total 126464K, used 72969K [0x00000000b4600000, 0x00000000bc180000, 0x00000000e6d00000)
  object space 126464K, 57% used [0x00000000b4600000,0x00000000b8d425b0,0x00000000bc180000)
 Metaspace       used 24436K, capacity 25076K, committed 25392K, reserved 1071104K
  class space    used 2876K, capacity 3067K, committed 3120K, reserved 1048576K

Card table byte_map: [0x00007f23c3f74000,0x00007f23c41d2000] byte_map_base: 0x00007f23c39d1000

Marking Bits: (ParMarkBitMap*) 0x00007f23d9fbd720
 Begin Bits: [0x00007f23c140c000, 0x00007f23c26f4000)
 End Bits:   [0x00007f23c26f4000, 0x00007f23c39dc000)

Polling page: 0x00007f23dae40000

CodeCache: size=245760Kb used=14864Kb max_used=16227Kb free=230895Kb
 bounds [0x00007f23c4592000, 0x00007f23c5582000, 0x00007f23d3592000]
 total_blobs=4509 nmethods=4116 adapters=306
 compilation: enabled

Compilation events (10 events):
Event: 14.034 Thread 0x00007f23d40c3800 4484       3       sun.util.calendar.BaseCalendar::getFixedDate (36 bytes)
Event: 14.035 Thread 0x00007f23d40c3800 nmethod 4484 0x00007f23c46effd0 code [0x00007f23c46f0180, 0x00007f23c46f08e8]
Event: 14.035 Thread 0x00007f23d40c3800 4486       1       org.apache.maven.plugins.shade.ShadeRequest::getRelocators (5 bytes)
Event: 14.035 Thread 0x00007f23d40c3800 nmethod 4486 0x00007f23c4a10dd0 code [0x00007f23c4a10f20, 0x00007f23c4a11030]
Event: 14.036 Thread 0x00007f23d40c1800 nmethod 4490 0x00007f23c4ab2690 code [0x00007f23c4ab27e0, 0x00007f23c4ab2858]
Event: 14.036 Thread 0x00007f23d40c1800 4487       4       com.google.common.collect.HashMultimap::createCollection (5 bytes)
Event: 14.057 Thread 0x00007f23d40c1800 nmethod 4487 0x00007f23c46fa110 code [0x00007f23c46fa260, 0x00007f23c46fa358]
Event: 14.057 Thread 0x00007f23d40c1800 4488       4       com.google.common.collect.CompactHashSet::init (29 bytes)
Event: 14.058 Thread 0x00007f23d40c1800 nmethod 4488 0x00007f23c47e1550 code [0x00007f23c47e16a0, 0x00007f23c47e1738]
Event: 14.511 Thread 0x00007f23d40bf000 nmethod 4479 0x00007f23c4b43890 code [0x00007f23c4b43b60, 0x00007f23c4b45ff8]

GC Heap History (10 events):
Event: 3.831 GC heap after
Heap after GC invocations=6 (full 0):
 PSYoungGen      total 166400K, used 7442K [0x00000000e6d00000, 0x00000000f1a00000, 0x0000000100000000)
  eden space 155648K, 0% used [0x00000000e6d00000,0x00000000e6d00000,0x00000000f0500000)
  from space 10752K, 69% used [0x00000000f0f80000,0x00000000f16c4848,0x00000000f1a00000)
  to   space 10752K, 0% used [0x00000000f0500000,0x00000000f0500000,0x00000000f0f80000)
 ParOldGen       total 52224K, used 16068K [0x00000000b4600000, 0x00000000b7900000, 0x00000000e6d00000)
  object space 52224K, 30% used [0x00000000b4600000,0x00000000b55b13a8,0x00000000b7900000)
 Metaspace       used 20784K, capacity 21262K, committed 21296K, reserved 1069056K
  class space    used 2463K, capacity 2591K, committed 2608K, reserved 1048576K
}
Event: 3.831 GC heap before
{Heap before GC invocations=7 (full 1):
 PSYoungGen      total 166400K, used 7442K [0x00000000e6d00000, 0x00000000f1a00000, 0x0000000100000000)
  eden space 155648K, 0% used [0x00000000e6d00000,0x00000000e6d00000,0x00000000f0500000)
  from space 10752K, 69% used [0x00000000f0f80000,0x00000000f16c4848,0x00000000f1a00000)
  to   space 10752K, 0% used [0x00000000f0500000,0x00000000f0500000,0x00000000f0f80000)
 ParOldGen       total 52224K, used 16068K [0x00000000b4600000, 0x00000000b7900000, 0x00000000e6d00000)
  object space 52224K, 30% used [0x00000000b4600000,0x00000000b55b13a8,0x00000000b7900000)
 Metaspace       used 20784K, capacity 21262K, committed 21296K, reserved 1069056K
  class space    used 2463K, capacity 2591K, committed 2608K, reserved 1048576K
Event: 3.890 GC heap after
Heap after GC invocations=7 (full 1):
 PSYoungGen      total 166400K, used 0K [0x00000000e6d00000, 0x00000000f1a00000, 0x0000000100000000)
  eden space 155648K, 0% used [0x00000000e6d00000,0x00000000e6d00000,0x00000000f0500000)
  from space 10752K, 0% used [0x00000000f0f80000,0x00000000f0f80000,0x00000000f1a00000)
  to   space 10752K, 0% used [0x00000000f0500000,0x00000000f0500000,0x00000000f0f80000)
 ParOldGen       total 56832K, used 19818K [0x00000000b4600000, 0x00000000b7d80000, 0x00000000e6d00000)
  object space 56832K, 34% used [0x00000000b4600000,0x00000000b595a878,0x00000000b7d80000)
 Metaspace       used 20784K, capacity 21262K, committed 21296K, reserved 1069056K
  class space    used 2463K, capacity 2591K, committed 2608K, reserved 1048576K
}
Event: 5.382 GC heap before
{Heap before GC invocations=8 (full 1):
 PSYoungGen      total 166400K, used 155648K [0x00000000e6d00000, 0x00000000f1a00000, 0x0000000100000000)
  eden space 155648K, 100% used [0x00000000e6d00000,0x00000000f0500000,0x00000000f0500000)
  from space 10752K, 0% used [0x00000000f0f80000,0x00000000f0f80000,0x00000000f1a00000)
  to   space 10752K, 0% used [0x00000000f0500000,0x00000000f0500000,0x00000000f0f80000)
 ParOldGen       total 56832K, used 19818K [0x00000000b4600000, 0x00000000b7d80000, 0x00000000e6d00000)
  object space 56832K, 34% used [0x00000000b4600000,0x00000000b595a878,0x00000000b7d80000)
 Metaspace       used 24429K, capacity 25076K, committed 25392K, reserved 1071104K
  class space    used 2876K, capacity 3067K, committed 3120K, reserved 1048576K
Event: 5.405 GC heap after
Heap after GC invocations=8 (full 1):
 PSYoungGen      total 166400K, used 10732K [0x00000000e6d00000, 0x00000000f7800000, 0x0000000100000000)
  eden space 155648K, 0% used [0x00000000e6d00000,0x00000000e6d00000,0x00000000f0500000)
  from space 10752K, 99% used [0x00000000f0500000,0x00000000f0f7b3c0,0x00000000f0f80000)
  to   space 18944K, 0% used [0x00000000f6580000,0x00000000f6580000,0x00000000f7800000)
 ParOldGen       total 56832K, used 33570K [0x00000000b4600000, 0x00000000b7d80000, 0x00000000e6d00000)
  object space 56832K, 59% used [0x00000000b4600000,0x00000000b66c89b8,0x00000000b7d80000)
 Metaspace       used 24429K, capacity 25076K, committed 25392K, reserved 1071104K
  class space    used 2876K, capacity 3067K, committed 3120K, reserved 1048576K
}
Event: 6.303 GC heap before
{Heap before GC invocations=9 (full 1):
 PSYoungGen      total 166400K, used 166380K [0x00000000e6d00000, 0x00000000f7800000, 0x0000000100000000)
  eden space 155648K, 100% used [0x00000000e6d00000,0x00000000f0500000,0x00000000f0500000)
  from space 10752K, 99% used [0x00000000f0500000,0x00000000f0f7b3c0,0x00000000f0f80000)
  to   space 18944K, 0% used [0x00000000f6580000,0x00000000f6580000,0x00000000f7800000)
 ParOldGen       total 56832K, used 33570K [0x00000000b4600000, 0x00000000b7d80000, 0x00000000e6d00000)
  object space 56832K, 59% used [0x00000000b4600000,0x00000000b66c89b8,0x00000000b7d80000)
 Metaspace       used 24432K, capacity 25076K, committed 25392K, reserved 1071104K
  class space    used 2876K, capacity 3067K, committed 3120K, reserved 1048576K
Event: 6.339 GC heap after
Heap after GC invocations=9 (full 1):
 PSYoungGen      total 240640K, used 18918K [0x00000000e6d00000, 0x00000000f9e80000, 0x0000000100000000)
  eden space 221696K, 0% used [0x00000000e6d00000,0x00000000e6d00000,0x00000000f4580000)
  from space 18944K, 99% used [0x00000000f6580000,0x00000000f77f9838,0x00000000f7800000)
  to   space 32768K, 0% used [0x00000000f4580000,0x00000000f4580000,0x00000000f6580000)
 ParOldGen       total 57856K, used 57713K [0x00000000b4600000, 0x00000000b7e80000, 0x00000000e6d00000)
  object space 57856K, 99% used [0x00000000b4600000,0x00000000b7e5c790,0x00000000b7e80000)
 Metaspace       used 24432K, capacity 25076K, committed 25392K, reserved 1071104K
  class space    used 2876K, capacity 3067K, committed 3120K, reserved 1048576K
}
Event: 6.340 GC heap before
{Heap before GC invocations=10 (full 2):
 PSYoungGen      total 240640K, used 18918K [0x00000000e6d00000, 0x00000000f9e80000, 0x0000000100000000)
  eden space 221696K, 0% used [0x00000000e6d00000,0x00000000e6d00000,0x00000000f4580000)
  from space 18944K, 99% used [0x00000000f6580000,0x00000000f77f9838,0x00000000f7800000)
  to   space 32768K, 0% used [0x00000000f4580000,0x00000000f4580000,0x00000000f6580000)
 ParOldGen       total 57856K, used 57713K [0x00000000b4600000, 0x00000000b7e80000, 0x00000000e6d00000)
  object space 57856K, 99% used [0x00000000b4600000,0x00000000b7e5c790,0x00000000b7e80000)
 Metaspace       used 24432K, capacity 25076K, committed 25392K, reserved 1071104K
  class space    used 2876K, capacity 3067K, committed 3120K, reserved 1048576K
Event: 6.524 GC heap after
Heap after GC invocations=10 (full 2):
 PSYoungGen      total 240640K, used 902K [0x00000000e6d00000, 0x00000000f9e80000, 0x0000000100000000)
  eden space 221696K, 0% used [0x00000000e6d00000,0x00000000e6d00000,0x00000000f4580000)
  from space 18944K, 4% used [0x00000000f6580000,0x00000000f6661838,0x00000000f7800000)
  to   space 32768K, 0% used [0x00000000f4580000,0x00000000f4580000,0x00000000f6580000)
 ParOldGen       total 126464K, used 57722K [0x00000000b4600000, 0x00000000bc180000, 0x00000000e6d00000)
  object space 126464K, 45% used [0x00000000b4600000,0x00000000b7e5ea80,0x00000000bc180000)
 Metaspace       used 24432K, capacity 25076K, committed 25392K, reserved 1071104K
  class space    used 2876K, capacity 3067K, committed 3120K, reserved 1048576K
}
Event: 14.524 GC heap before
{Heap before GC invocations=11 (full 2):
 PSYoungGen      total 240640K, used 222598K [0x00000000e6d00000, 0x00000000f9e80000, 0x0000000100000000)
  eden space 221696K, 100% used [0x00000000e6d00000,0x00000000f4580000,0x00000000f4580000)
  from space 18944K, 4% used [0x00000000f6580000,0x00000000f6661838,0x00000000f7800000)
  to   space 32768K, 0% used [0x00000000f4580000,0x00000000f4580000,0x00000000f6580000)
 ParOldGen       total 126464K, used 57722K [0x00000000b4600000, 0x00000000bc180000, 0x00000000e6d00000)
  object space 126464K, 45% used [0x00000000b4600000,0x00000000b7e5ea80,0x00000000bc180000)
 Metaspace       used 24436K, capacity 25076K, committed 25392K, reserved 1071104K
  class space    used 2876K, capacity 3067K, committed 3120K, reserved 1048576K

Deoptimization events (10 events):
Event: 7.664 Thread 0x00007f23d400b800 Uncommon trap: reason=unstable_if action=reinterpret pc=0x00007f23c5542cf0 method=sun.util.calendar.AbstractCalendar.getCalendarDate(JLsun/util/calendar/CalendarDate;)Lsun/util/calendar/CalendarDate; @ 138
Event: 7.676 Thread 0x00007f23d400b800 Uncommon trap: reason=unstable_if action=reinterpret pc=0x00007f23c5512a14 method=sun.util.calendar.AbstractCalendar.getCalendarDate(JLsun/util/calendar/CalendarDate;)Lsun/util/calendar/CalendarDate; @ 138
Event: 8.568 Thread 0x00007f23d400b800 Uncommon trap: reason=unstable_if action=reinterpret pc=0x00007f23c5554750 method=com.google.common.collect.CompactHashMap.resizeMeMaybe(I)V @ 8
Event: 8.664 Thread 0x00007f23d400b800 Uncommon trap: reason=unstable_if action=reinterpret pc=0x00007f23c555c948 method=java.util.zip.ZipOutputStream.putNextEntry(Ljava/util/zip/ZipEntry;)V @ 245
Event: 9.497 Thread 0x00007f23d400b800 Uncommon trap: reason=unstable_if action=reinterpret pc=0x00007f23c484949c method=sun.util.calendar.BaseCalendar$Date.hit(J)Z @ 6
Event: 9.511 Thread 0x00007f23d400b800 Uncommon trap: reason=unstable_if action=reinterpret pc=0x00007f23c46b0030 method=sun.util.calendar.BaseCalendar$Date.hit(J)Z @ 6
Event: 9.715 Thread 0x00007f23d400b800 Uncommon trap: reason=unstable_if action=reinterpret pc=0x00007f23c5545ec0 method=com.google.common.collect.CompactHashing.createTable(I)Ljava/lang/Object; @ 50
Event: 11.207 Thread 0x00007f23d400b800 Uncommon trap: reason=unstable_if action=reinterpret pc=0x00007f23c553a7a4 method=sun.util.calendar.BaseCalendar$Date.hit(I)Z @ 5
Event: 11.211 Thread 0x00007f23d400b800 Uncommon trap: reason=unstable_if action=reinterpret pc=0x00007f23c4806b1c method=sun.util.calendar.BaseCalendar.getFixedDate(IIILsun/util/calendar/BaseCalendar$Date;)J @ 28
Event: 11.212 Thread 0x00007f23d400b800 Uncommon trap: reason=unstable_if action=reinterpret pc=0x00007f23c46aeca8 method=sun.util.calendar.BaseCalendar$Date.hit(I)Z @ 5

Classes redefined (0 events):
No events

Internal exceptions (10 events):
Event: 4.082 Thread 0x00007f23d400b800 Exception <a 'java/security/PrivilegedActionException'> (0x00000000e7272448) thrown at [/build/openjdk-8-a8EOsV/openjdk-8-8u372-ga~us1/src/hotspot/src/share/vm/prims/jvm.cpp, line 1514]
Event: 4.082 Thread 0x00007f23d400b800 Exception <a 'java/security/PrivilegedActionException'> (0x00000000e7272840) thrown at [/build/openjdk-8-a8EOsV/openjdk-8-8u372-ga~us1/src/hotspot/src/share/vm/prims/jvm.cpp, line 1514]
Event: 4.180 Thread 0x00007f23d400b800 Exception <a 'java/io/FileNotFoundException'> (0x00000000e78b58e8) thrown at [/build/openjdk-8-a8EOsV/openjdk-8-8u372-ga~us1/src/hotspot/src/share/vm/prims/jni.cpp, line 709]
Event: 4.191 Thread 0x00007f23d400b800 Exception <a 'java/io/FileNotFoundException'> (0x00000000e7914670) thrown at [/build/openjdk-8-a8EOsV/openjdk-8-8u372-ga~us1/src/hotspot/src/share/vm/prims/jni.cpp, line 709]
Event: 4.240 Thread 0x00007f23d400b800 Exception <a 'java/io/FileNotFoundException'> (0x00000000e80b8cf8) thrown at [/build/openjdk-8-a8EOsV/openjdk-8-8u372-ga~us1/src/hotspot/src/share/vm/prims/jni.cpp, line 709]
Event: 4.240 Thread 0x00007f23d400b800 Exception <a 'java/io/FileNotFoundException'> (0x00000000e80b9b40) thrown at [/build/openjdk-8-a8EOsV/openjdk-8-8u372-ga~us1/src/hotspot/src/share/vm/prims/jni.cpp, line 709]
Event: 4.240 Thread 0x00007f23d400b800 Exception <a 'java/io/FileNotFoundException'> (0x00000000e80ba9f0) thrown at [/build/openjdk-8-a8EOsV/openjdk-8-8u372-ga~us1/src/hotspot/src/share/vm/prims/jni.cpp, line 709]
Event: 4.240 Thread 0x00007f23d400b800 Exception <a 'java/io/FileNotFoundException'> (0x00000000e80bb870) thrown at [/build/openjdk-8-a8EOsV/openjdk-8-8u372-ga~us1/src/hotspot/src/share/vm/prims/jni.cpp, line 709]
Event: 4.246 Thread 0x00007f23d400b800 Exception <a 'java/util/zip/ZipException'> (0x00000000e82d2e58) thrown at [/build/openjdk-8-a8EOsV/openjdk-8-8u372-ga~us1/src/hotspot/src/share/vm/prims/jni.cpp, line 709]
Event: 5.055 Thread 0x00007f23d400b800 Exception <a 'java/lang/NoClassDefFoundError': org/sonatype/aether/graph/Dependency> (0x00000000ee6164f0) thrown at [/build/openjdk-8-a8EOsV/openjdk-8-8u372-ga~us1/src/hotspot/src/share/vm/classfile/systemDictionary.cpp, line 206]

Events (10 events):
Event: 11.206 Thread 0x00007f23d400b800 Uncommon trap: trap_request=0xffffff65 fr.pc=0x00007f23c553a7a4
Event: 11.207 Thread 0x00007f23d400b800 DEOPT PACKING pc=0x00007f23c553a7a4 sp=0x00007f23dae1dfe0
Event: 11.208 Thread 0x00007f23d400b800 DEOPT UNPACKING pc=0x00007f23c45d747a sp=0x00007f23dae1deb8 mode 2
Event: 11.210 Thread 0x00007f23d400b800 Uncommon trap: trap_request=0xffffff65 fr.pc=0x00007f23c4806b1c
Event: 11.211 Thread 0x00007f23d400b800 DEOPT PACKING pc=0x00007f23c4806b1c sp=0x00007f23dae1e3a0
Event: 11.211 Thread 0x00007f23d400b800 DEOPT UNPACKING pc=0x00007f23c45d747a sp=0x00007f23dae1df00 mode 2
Event: 11.212 Thread 0x00007f23d400b800 Uncommon trap: trap_request=0xffffff65 fr.pc=0x00007f23c46aeca8
Event: 11.212 Thread 0x00007f23d400b800 DEOPT PACKING pc=0x00007f23c46aeca8 sp=0x00007f23dae1df90
Event: 11.212 Thread 0x00007f23d400b800 DEOPT UNPACKING pc=0x00007f23c45d747a sp=0x00007f23dae1def0 mode 2
Event: 14.522 Executing VM operation: ParallelGCFailedAllocation


Dynamic libraries:
b4600000-bc180000 rw-p 00000000 00:00 0 
bc180000-e6d00000 ---p 00000000 00:00 0 
e6d00000-f9e80000 rw-p 00000000 00:00 0 
fcc80000-100000000 ---p 00000000 00:00 0 
100000000-10030c000 rw-p 00000000 00:00 0 
10030c000-140000000 ---p 00000000 00:00 0 
55e5ffcf0000-55e5ffcf1000 r-xp 00000000 08:01 137711                     /usr/lib/jvm/java-8-openjdk-amd64/jre/bin/java
55e5ffef0000-55e5ffef1000 r--p 00000000 08:01 137711                     /usr/lib/jvm/java-8-openjdk-amd64/jre/bin/java
55e5ffef1000-55e5ffef2000 rw-p 00001000 08:01 137711                     /usr/lib/jvm/java-8-openjdk-amd64/jre/bin/java
55e600b99000-55e600bba000 rw-p 00000000 00:00 0                          [heap]
7f2388000000-7f2388021000 rw-p 00000000 00:00 0 
7f2388021000-7f238c000000 ---p 00000000 00:00 0 
7f238c000000-7f238c021000 rw-p 00000000 00:00 0 
7f238c021000-7f2390000000 ---p 00000000 00:00 0 
7f2390000000-7f2391900000 rw-p 00000000 00:00 0 
7f2391900000-7f2394000000 ---p 00000000 00:00 0 
7f2394000000-7f2394d91000 rw-p 00000000 00:00 0 
7f2394d91000-7f2398000000 ---p 00000000 00:00 0 
7f2398000000-7f2398021000 rw-p 00000000 00:00 0 
7f2398021000-7f239c000000 ---p 00000000 00:00 0 
7f239c000000-7f239d7ab000 rw-p 00000000 00:00 0 
7f239d7ab000-7f23a0000000 ---p 00000000 00:00 0 
7f23a0000000-7f23a0021000 rw-p 00000000 00:00 0 
7f23a0021000-7f23a4000000 ---p 00000000 00:00 0 
7f23a4000000-7f23a4021000 rw-p 00000000 00:00 0 
7f23a4021000-7f23a8000000 ---p 00000000 00:00 0 
7f23a8000000-7f23a8073000 rw-p 00000000 00:00 0 
7f23a8073000-7f23ac000000 ---p 00000000 00:00 0 
7f23ad4a3000-7f23ad4a5000 r--s 00006000 08:01 154386                     /home/spl211/.m2/repository/com/thoughtworks/paranamer/paranamer/2.3/paranamer-2.3.jar
7f23ad4a5000-7f23ad4ad000 r--s 00072000 08:01 151586                     /home/spl211/.m2/repository/org/apache/commons/commons-lang3/3.7/commons-lang3-3.7.jar
7f23ad4ad000-7f23ad4af000 r--s 00001000 08:01 151584                     /home/spl211/.m2/repository/com/google/j2objc/j2objc-annotations/1.3/j2objc-annotations-1.3.jar
7f23ad4af000-7f23ad4b1000 r--s 00002000 08:01 151582                     /home/spl211/.m2/repository/com/google/errorprone/error_prone_annotations/2.3.4/error_prone_annotations-2.3.4.jar
7f23ad4b1000-7f23ad4b2000 r--s 00001000 08:01 151581                     /home/spl211/.m2/repository/org/checkerframework/checker-compat-qual/2.5.5/checker-compat-qual-2.5.5.jar
7f23ad4b2000-7f23ad4b4000 r--s 00003000 08:01 136920                     /home/spl211/.m2/repository/com/google/code/findbugs/jsr305/3.0.2/jsr305-3.0.2.jar
7f23ad4b4000-7f23ad4b5000 r--s 00000000 08:01 151579                     /home/spl211/.m2/repository/com/google/guava/listenablefuture/9999.0-empty-to-avoid-conflict-with-guava/listenablefuture-9999.0-empty-to-avoid-conflict-with-guava.jar
7f23ad4b5000-7f23ad4b7000 r--s 00000000 08:01 151575                     /home/spl211/.m2/repository/com/google/guava/failureaccess/1.0.1/failureaccess-1.0.1.jar
7f23ad4b7000-7f23ad4e8000 r--s 00251000 08:01 151573                     /home/spl211/.m2/repository/com/google/guava/guava/28.2-android/guava-28.2-android.jar
7f23ad4e8000-7f23ad4eb000 r--s 00029000 08:01 151571                     /home/spl211/.m2/repository/org/vafer/jdependency/2.4.0/jdependency-2.4.0.jar
7f23ad4eb000-7f23ad4ef000 r--s 00031000 08:01 1333994                    /home/spl211/.m2/repository/commons-io/commons-io/2.6/commons-io-2.6.jar
7f23ad4ef000-7f23ad4f3000 r--s 0001d000 08:01 151570                     /home/spl211/.m2/repository/org/eclipse/aether/aether-util/0.9.0.M2/aether-util-0.9.0.M2.jar
7f23ad4f3000-7f23ad4f5000 r--s 00007000 08:01 151568                     /home/spl211/.m2/repository/org/apache/maven/shared/maven-dependency-tree/3.0.1/maven-dependency-tree-3.0.1.jar
7f23ad4f5000-7f23ad6f5000 rw-p 00000000 00:00 0 
7f23ad6f5000-7f23ad6f6000 r--s 00014000 08:01 151572                     /home/spl211/.m2/repository/org/ow2/asm/asm-util/8.0/asm-util-8.0.jar
7f23ad6f6000-7f23ad6fc000 r--s 00045000 08:01 135132                     /home/spl211/.m2/repository/org/jdom/jdom2/2.0.6/jdom2-2.0.6.jar
7f23ad6fc000-7f23ad6fe000 r--s 00007000 08:01 151563                     /home/spl211/.m2/repository/org/ow2/asm/asm-analysis/8.0/asm-analysis-8.0.jar
7f23ad6fe000-7f23ad700000 r--s 0000b000 08:01 151561                     /home/spl211/.m2/repository/org/ow2/asm/asm-tree/8.0/asm-tree-8.0.jar
7f23ad700000-7f23ad702000 r--s 00010000 08:01 151557                     /home/spl211/.m2/repository/org/ow2/asm/asm-commons/8.0/asm-commons-8.0.jar
7f23ad702000-7f23ad704000 r--s 0001c000 08:01 151559                     /home/spl211/.m2/repository/org/ow2/asm/asm/8.0/asm-8.0.jar
7f23ad704000-7f23ad70b000 r--s 0004b000 08:01 1334078                    /home/spl211/.m2/repository/commons-codec/commons-codec/1.11/commons-codec-1.11.jar
7f23ad70b000-7f23ad70e000 r--s 00025000 08:01 151555                     /home/spl211/.m2/repository/org/apache/maven/shared/maven-shared-utils/3.1.0/maven-shared-utils-3.1.0.jar
7f23ad70e000-7f23ad711000 r--s 0000d000 08:01 134773                     /home/spl211/.m2/repository/org/apache/maven/shared/maven-common-artifact-filters/3.0.1/maven-common-artifact-filters-3.0.1.jar
7f23ad711000-7f23ad715000 r--s 0001a000 08:01 151553                     /home/spl211/.m2/repository/org/apache/maven/shared/maven-artifact-transfer/0.12.0/maven-artifact-transfer-0.12.0.jar
7f23ad715000-7f23ad719000 r--s 0003d000 08:01 135152                     /home/spl211/.m2/repository/org/codehaus/plexus/plexus-utils/3.3.0/plexus-utils-3.3.0.jar
7f23ad719000-7f23ad71b000 r--s 00002000 08:01 134357                     /home/spl211/.m2/repository/org/sonatype/plexus/plexus-cipher/1.4/plexus-cipher-1.4.jar
7f23ad71b000-7f23ad71c000 r--s 00006000 08:01 134354                     /home/spl211/.m2/repository/org/sonatype/plexus/plexus-sec-dispatcher/1.3/plexus-sec-dispatcher-1.3.jar
7f23ad71c000-7f23ad71e000 r--s 00000000 08:01 149810                     /home/spl211/.m2/repository/org/codehaus/plexus/plexus-component-annotations/2.0.0/plexus-component-annotations-2.0.0.jar
7f23ad71e000-7f23ad720000 r--s 0000d000 08:01 134759                     /home/spl211/.m2/repository/org/codehaus/plexus/plexus-interpolation/1.14/plexus-interpolation-1.14.jar
7f23ad720000-7f23ad724000 r--s 00017000 08:01 134757                     /home/spl211/.m2/repository/org/sonatype/aether/aether-util/1.7/aether-util-1.7.jar
7f23ad724000-7f23ad72f000 r--s 00069000 08:01 134740                     /home/spl211/.m2/repository/org/sonatype/sisu/sisu-guice/2.1.7/sisu-guice-2.1.7-noaop.jar
7f23ad72f000-7f23ad734000 r--s 00021000 08:01 134739                     /home/spl211/.m2/repository/org/sonatype/sisu/sisu-inject-bean/1.4.2/sisu-inject-bean-1.4.2.jar
7f23ad734000-7f23ad737000 r--s 0001e000 08:01 150776                     /home/spl211/.m2/repository/org/apache/maven/plugins/maven-shade-plugin/3.2.4/maven-shade-plugin-3.2.4.jar
7f23ad737000-7f23ad8f7000 rw-p 00000000 00:00 0 
7f23ad8f7000-7f23ad937000 ---p 00000000 00:00 0 
7f23ad937000-7f23ad93b000 r--s 0002f000 08:01 1315381                    /home/spl211/.m2/repository/commons-lang/commons-lang/2.1/commons-lang-2.1.jar
7f23ad93b000-7f23ad93e000 r--s 0000c000 08:01 135234                     /home/spl211/.m2/repository/org/codehaus/plexus/plexus-io/2.0.2/plexus-io-2.0.2.jar
7f23ad93e000-7f23ad943000 r--s 00029000 08:01 135232                     /home/spl211/.m2/repository/org/codehaus/plexus/plexus-archiver/2.1/plexus-archiver-2.1.jar
7f23ad943000-7f23ad945000 r--s 0000d000 08:01 135230                     /home/spl211/.m2/repository/org/codehaus/plexus/plexus-interpolation/1.15/plexus-interpolation-1.15.jar
7f23ad945000-7f23ad947000 r--s 00004000 08:01 135228                     /home/spl211/.m2/repository/org/apache/maven/maven-archiver/2.5/maven-archiver-2.5.jar
7f23ad947000-7f23ad949000 r--s 00007000 08:01 133003                     /home/spl211/.m2/repository/org/apache/maven/plugins/maven-jar-plugin/2.4/maven-jar-plugin-2.4.jar
7f23ad949000-7f23ad94b000 r--s 00002000 08:01 149757                     /home/spl211/.m2/repository/org/apache/maven/plugin-tools/maven-plugin-annotations/3.1/maven-plugin-annotations-3.1.jar
7f23ad94b000-7f23ad94c000 r--s 00002000 08:01 149752                     /home/spl211/.m2/repository/org/apache/maven/reporting/maven-reporting-api/2.0.9/maven-reporting-api-2.0.9.jar
7f23ad94c000-7f23ad950000 r--s 00035000 08:01 149749                     /home/spl211/.m2/repository/org/codehaus/plexus/plexus-utils/3.0.8/plexus-utils-3.0.8.jar
7f23ad950000-7f23ad952000 r--s 00006000 08:01 149747                     /home/spl211/.m2/repository/org/apache/maven/shared/maven-common-artifact-filters/1.3/maven-common-artifact-filters-1.3.jar
7f23ad952000-7f23ad958000 r--s 00048000 08:01 149744                     /home/spl211/.m2/repository/org/apache/commons/commons-lang3/3.1/commons-lang3-3.1.jar
7f23ad958000-7f23ad95d000 r--s 0003c000 08:01 149742                     /home/spl211/.m2/repository/org/apache/maven/surefire/maven-surefire-common/2.12.4/maven-surefire-common-2.12.4.jar
7f23ad95d000-7f23ad961000 r--s 00019000 08:01 149745                     /home/spl211/.m2/repository/org/apache/maven/surefire/surefire-api/2.12.4/surefire-api-2.12.4.jar
7f23ad961000-7f23ad963000 r--s 00007000 08:01 149739                     /home/spl211/.m2/repository/org/apache/maven/surefire/surefire-booter/2.12.4/surefire-booter-2.12.4.jar
7f23ad963000-7f23ad964000 r--s 00007000 08:01 132997                     /home/spl211/.m2/repository/org/apache/maven/plugins/maven-surefire-plugin/2.12.4/maven-surefire-plugin-2.12.4.jar
7f23ad964000-7f23adb64000 rw-p 00000000 00:00 0 
7f23adb64000-7f23adbde000 r--s 01107000 08:01 137642                     /usr/lib/jvm/java-8-openjdk-amd64/lib/tools.jar
7f23adbde000-7f23adbe1000 r--s 0001b000 08:01 136302                     /home/spl211/.m2/repository/junit/junit/3.8.2/junit-3.8.2.jar
7f23adbe1000-7f23adbef000 r--s 0008f000 08:01 136301                     /home/spl211/.m2/repository/com/google/collections/google-collections/1.0/google-collections-1.0.jar
7f23adbef000-7f23adbf0000 r--s 0000a000 08:01 136300                     /home/spl211/.m2/repository/commons-logging/commons-logging-api/1.1/commons-logging-api-1.1.jar
7f23adbf0000-7f23adbf7000 r--s 00051000 08:01 136296                     /home/spl211/.m2/repository/log4j/log4j/1.2.12/log4j-1.2.12.jar
7f23adbf7000-7f23adbfb000 r--s 0001d000 08:01 136295                     /home/spl211/.m2/repository/org/apache/xbean/xbean-reflect/3.4/xbean-reflect-3.4.jar
7f23adbfb000-7f23adbfc000 r--s 00004000 08:01 136288                     /home/spl211/.m2/repository/org/codehaus/plexus/plexus-compiler-javac/2.2/plexus-compiler-javac-2.2.jar
7f23adbfc000-7f23adbfe000 r--s 00000000 08:01 136287                     /home/spl211/.m2/repository/org/codehaus/plexus/plexus-compiler-manager/2.2/plexus-compiler-manager-2.2.jar
7f23adbfe000-7f23adc00000 r--s 00005000 08:01 136286                     /home/spl211/.m2/repository/org/codehaus/plexus/plexus-compiler-api/2.2/plexus-compiler-api-2.2.jar
7f23adc00000-7f23adc02000 r--s 00000000 08:01 136285                     /home/spl211/.m2/repository/org/codehaus/plexus/plexus-component-annotations/1.5.5/plexus-component-annotations-1.5.5.jar
7f23adc02000-7f23adc04000 r--s 00002000 08:01 136280                     /home/spl211/.m2/repository/org/apache/maven/shared/maven-shared-incremental/1.1/maven-shared-incremental-1.1.jar
7f23adc04000-7f23adc06000 r--s 00006000 08:01 136279                     /home/spl211/.m2/repository/com/google/code/findbugs/jsr305/2.0.1/jsr305-2.0.1.jar
7f23adc06000-7f23adc09000 r--s 00023000 08:01 136278                     /home/spl211/.m2/repository/org/apache/maven/shared/maven-shared-utils/0.1/maven-shared-utils-0.1.jar
7f23adc09000-7f23adc0d000 r--s 00030000 08:01 136246                     /home/spl211/.m2/repository/org/codehaus/plexus/plexus-utils/1.5.1/plexus-utils-1.5.1.jar
7f23adc0d000-7f23adc0f000 r--s 00009000 08:01 135538                     /home/spl211/.m2/repository/org/apache/maven/plugins/maven-compiler-plugin/3.1/maven-compiler-plugin-3.1.jar
7f23adc0f000-7f23adc11000 r--s 0000d000 08:01 135905                     /home/spl211/.m2/repository/org/codehaus/plexus/plexus-interpolation/1.13/plexus-interpolation-1.13.jar
7f23adc11000-7f23adc12000 r--s 00001000 08:01 135904                     /home/spl211/.m2/repository/org/sonatype/plexus/plexus-build-api/0.0.4/plexus-build-api-0.0.4.jar
7f23adc12000-7f23adc14000 r--s 00009000 08:01 135901                     /home/spl211/.m2/repository/org/apache/maven/shared/maven-filtering/1.1/maven-filtering-1.1.jar
7f23adc14000-7f23adc18000 r--s 00033000 08:01 135900                     /home/spl211/.m2/repository/org/codehaus/plexus/plexus-utils/2.0.5/plexus-utils-2.0.5.jar
7f23adc18000-7f23adc1b000 r--s 0001b000 08:01 135899                     /home/spl211/.m2/repository/junit/junit/3.8.1/junit-3.8.1.jar
7f23adc1b000-7f23adc1d000 r--s 00002000 08:01 135884                     /home/spl211/.m2/repository/org/codehaus/plexus/plexus-interactivity-api/1.0-alpha-4/plexus-interactivity-api-1.0-alpha-4.jar
7f23adc1d000-7f23adc1f000 r--s 00006000 08:01 135882                     /home/spl211/.m2/repository/commons-cli/commons-cli/1.0/commons-cli-1.0.jar
7f23adc1f000-7f23adc20000 r--s 00001000 08:01 135874                     /home/spl211/.m2/repository/org/apache/maven/doxia/doxia-sink-api/1.0-alpha-7/doxia-sink-api-1.0-alpha-7.jar
7f23adc20000-7f23adc21000 r--s 00002000 08:01 135873                     /home/spl211/.m2/repository/org/apache/maven/reporting/maven-reporting-api/2.0.6/maven-reporting-api-2.0.6.jar
7f23adc21000-7f23adc23000 r--s 00006000 08:01 135338                     /home/spl211/.m2/repository/org/apache/maven/plugins/maven-resources-plugin/2.6/maven-resources-plugin-2.6.jar
7f23adc23000-7f23adc27000 r--s 00034000 08:01 143949                     /home/spl211/.m2/repository/org/codehaus/plexus/plexus-utils/3.0/plexus-utils-3.0.jar
7f23adc27000-7f23adc29000 r--s 00005000 08:01 132989                     /home/spl211/.m2/repository/org/apache/maven/plugins/maven-clean-plugin/2.5/maven-clean-plugin-2.5.jar
7f23adc29000-7f23ade29000 rw-p 00000000 00:00 0 
7f23ade29000-7f23ae029000 rw-p 00000000 00:00 0 
7f23ae029000-7f23ae03a000 r--s 001c5000 08:01 137789                     /usr/lib/jvm/java-8-openjdk-amd64/jre/lib/jsse.jar
7f23ae03a000-7f23ae23a000 rw-p 00000000 00:00 0 
7f23ae23a000-7f23ae43a000 rw-p 00000000 00:00 0 
7f23ae43a000-7f23ae43d000 r-xp 00000000 08:01 1076022                    /tmp/jansi-2.4.0-71b439964677c961-libjansi.so
7f23ae43d000-7f23ae63c000 ---p 00003000 08:01 1076022                    /tmp/jansi-2.4.0-71b439964677c961-libjansi.so
7f23ae63c000-7f23ae63d000 rw-p 00002000 08:01 1076022                    /tmp/jansi-2.4.0-71b439964677c961-libjansi.so
7f23ae63d000-7f23ae640000 r--s 00016000 08:01 1333944                    /opt/apache-maven-3.8.7/lib/maven-embedder-3.8.7.jar
7f23ae640000-7f23ae641000 r--s 00006000 08:01 1334176                    /opt/apache-maven-3.8.7/lib/maven-repository-metadata-3.8.7.jar
7f23ae641000-7f23ae645000 r--s 00022000 08:01 1334164                    /opt/apache-maven-3.8.7/lib/maven-shared-utils-3.3.4.jar
7f23ae645000-7f23ae64a000 r--s 0002b000 08:01 1334160                    /opt/apache-maven-3.8.7/lib/maven-model-builder-3.8.7.jar
7f23ae64a000-7f23ae64b000 r--s 00000000 08:01 1334167                    /opt/apache-maven-3.8.7/lib/javax.inject-1.jar
7f23ae64b000-7f23ae64e000 r--s 0003d000 08:01 1334169                    /opt/apache-maven-3.8.7/lib/plexus-utils-3.3.1.jar
7f23ae64e000-7f23ae655000 r--s 00040000 08:01 1334183                    /opt/apache-maven-3.8.7/lib/maven-compat-3.8.7.jar
7f23ae655000-7f23ae65a000 r--s 00025000 08:01 1334163                    /opt/apache-maven-3.8.7/lib/maven-resolver-util-1.6.3.jar
7f23ae65a000-7f23ae65c000 r--s 00000000 08:01 1334182                    /opt/apache-maven-3.8.7/lib/plexus-component-annotations-2.1.0.jar
7f23ae65c000-7f23ae65f000 r--s 00012000 08:01 1334172                    /opt/apache-maven-3.8.7/lib/plexus-interpolation-1.26.jar
7f23ae65f000-7f23ae662000 r--s 0000c000 08:01 1334177                    /opt/apache-maven-3.8.7/lib/maven-artifact-3.8.7.jar
7f23ae662000-7f23ae66a000 r--s 00073000 08:01 1334174                    /opt/apache-maven-3.8.7/lib/commons-lang3-3.8.1.jar
7f23ae66a000-7f23ae66c000 r--s 00005000 08:01 1334168                    /opt/apache-maven-3.8.7/lib/javax.annotation-api-1.2.jar
7f23ae66c000-7f23ae66e000 r--s 00002000 08:01 1334171                    /opt/apache-maven-3.8.7/lib/plexus-cipher-2.0.jar
7f23ae66e000-7f23ae66f000 r--s 00005000 08:01 1334170                    /opt/apache-maven-3.8.7/lib/plexus-sec-dispatcher-2.0.jar
7f23ae66f000-7f23ae671000 r--s 0000c000 08:01 1334186                    /opt/apache-maven-3.8.7/lib/commons-cli-1.4.jar
7f23ae671000-7f23ae67c000 r--s 00075000 08:01 1334165                    /opt/apache-maven-3.8.7/lib/guice-4.2.2-no_aop.jar
7f23ae67c000-7f23ae689000 r--s 00091000 08:01 1334175                    /opt/apache-maven-3.8.7/lib/maven-core-3.8.7.jar
7f23ae689000-7f23ae690000 r--s 00056000 08:01 1334181                    /opt/apache-maven-3.8.7/lib/org.eclipse.sisu.inject-0.3.5.jar
7f23ae690000-7f23ae691000 r--s 0000a000 08:01 1333945                    /opt/apache-maven-3.8.7/lib/maven-settings-3.8.7.jar
7f23ae691000-7f23ae693000 r--s 00007000 08:01 1334191                    /opt/apache-maven-3.8.7/lib/maven-resolver-transport-wagon-1.6.3.jar
7f23ae693000-7f23ae695000 r--s 0000c000 08:01 1334184                    /opt/apache-maven-3.8.7/lib/wagon-provider-api-3.5.3.jar
7f23ae695000-7f23ae697000 r--s 00003000 08:01 1334188                    /opt/apache-maven-3.8.7/lib/jcl-over-slf4j-1.7.36.jar
7f23ae697000-7f23ae699000 r--s 0000f000 08:01 1334178                    /opt/apache-maven-3.8.7/lib/maven-resolver-provider-3.8.7.jar
7f23ae699000-7f23ae69b000 r--s 0000a000 08:01 1334158                    /opt/apache-maven-3.8.7/lib/maven-plugin-api-3.8.7.jar
7f23ae69b000-7f23ae69e000 r--s 00032000 08:01 1334159                    /opt/apache-maven-3.8.7/lib/maven-model-3.8.7.jar
7f23ae69e000-7f23ae6a0000 r--s 00009000 08:01 1334141                    /opt/apache-maven-3.8.7/lib/maven-settings-builder-3.8.7.jar
7f23ae6a0000-7f23ae6d0000 r--s 00249000 08:01 1334166                    /opt/apache-maven-3.8.7/lib/guava-25.1-android.jar
7f23ae6d0000-7f23ae6d2000 r--s 00008000 08:01 1334180                    /opt/apache-maven-3.8.7/lib/maven-resolver-spi-1.6.3.jar
7f23ae6d2000-7f23ae6d3000 r--s 00003000 08:01 1334161                    /opt/apache-maven-3.8.7/lib/maven-builder-support-3.8.7.jar
7f23ae6d3000-7f23ae6d5000 r--s 00009000 08:01 1334173                    /opt/apache-maven-3.8.7/lib/slf4j-api-1.7.36.jar
7f23ae6d5000-7f23ae6da000 r--s 00020000 08:01 1334162                    /opt/apache-maven-3.8.7/lib/maven-resolver-api-1.6.3.jar
7f23ae6da000-7f23ae6fc000 r--s 00164000 08:01 1334187                    /opt/apache-maven-3.8.7/lib/wagon-http-3.5.3-shaded.jar
7f23ae6fc000-7f23ae702000 r--s 0002d000 08:01 1334185                    /opt/apache-maven-3.8.7/lib/org.eclipse.sisu.plexus-0.3.5.jar
7f23ae702000-7f23ae733000 rw-p 00000000 00:00 0 
7f23ae733000-7f23ae74b000 r-xp 00000000 08:01 137746                     /usr/lib/jvm/java-8-openjdk-amd64/jre/lib/amd64/libnet.so
7f23ae74b000-7f23ae94a000 ---p 00018000 08:01 137746                     /usr/lib/jvm/java-8-openjdk-amd64/jre/lib/amd64/libnet.so
7f23ae94a000-7f23ae94b000 r--p 00017000 08:01 137746                     /usr/lib/jvm/java-8-openjdk-amd64/jre/lib/amd64/libnet.so
7f23ae94b000-7f23ae94c000 rw-p 00018000 08:01 137746                     /usr/lib/jvm/java-8-openjdk-amd64/jre/lib/amd64/libnet.so
7f23ae94c000-7f23ae95e000 r-xp 00000000 08:01 137747                     /usr/lib/jvm/java-8-openjdk-amd64/jre/lib/amd64/libnio.so
7f23ae95e000-7f23aeb5d000 ---p 00012000 08:01 137747                     /usr/lib/jvm/java-8-openjdk-amd64/jre/lib/amd64/libnio.so
7f23aeb5d000-7f23aeb5e000 r--p 00011000 08:01 137747                     /usr/lib/jvm/java-8-openjdk-amd64/jre/lib/amd64/libnio.so
7f23aeb5e000-7f23aeb5f000 rw-p 00012000 08:01 137747                     /usr/lib/jvm/java-8-openjdk-amd64/jre/lib/amd64/libnio.so
7f23aeb5f000-7f23aeb7b000 r--s 00394000 08:01 137765                     /usr/lib/jvm/java-8-openjdk-amd64/jre/lib/ext/cldrdata.jar
7f23aeb7b000-7f23aeb96000 r--s 001d6000 08:01 137770                     /usr/lib/jvm/java-8-openjdk-amd64/jre/lib/ext/nashorn.jar
7f23aeb96000-7f23aeb97000 ---p 00000000 00:00 0 
7f23aeb97000-7f23aec97000 rw-p 00000000 00:00 0 
7f23aec97000-7f23aec9a000 ---p 00000000 00:00 0 
7f23aec9a000-7f23aed98000 rw-p 00000000 00:00 0 
7f23aed98000-7f23aed99000 ---p 00000000 00:00 0 
7f23aed99000-7f23aed9c000 ---p 00000000 00:00 0 
7f23aed9c000-7f23aee99000 rw-p 00000000 00:00 0 
7f23aee99000-7f23aee9a000 ---p 00000000 00:00 0 
7f23aee9a000-7f23aee9d000 ---p 00000000 00:00 0 
7f23aee9d000-7f23aef9a000 rw-p 00000000 00:00 0 
7f23aef9a000-7f23aef9b000 ---p 00000000 00:00 0 
7f23aef9b000-7f23aef9e000 ---p 00000000 00:00 0 
7f23aef9e000-7f23af09b000 rw-p 00000000 00:00 0 
7f23af09b000-7f23af09e000 ---p 00000000 00:00 0 
7f23af09e000-7f23af19c000 rw-p 00000000 00:00 0 
7f23af19c000-7f23af492000 r--p 00000000 08:01 264275                     /usr/lib/locale/locale-archive
7f23af492000-7f23af495000 ---p 00000000 00:00 0 
7f23af495000-7f23af593000 rw-p 00000000 00:00 0 
7f23af593000-7f23af596000 ---p 00000000 00:00 0 
7f23af596000-7f23af694000 rw-p 00000000 00:00 0 
7f23af694000-7f23af695000 ---p 00000000 00:00 0 
7f23af695000-7f23b0000000 rw-p 00000000 00:00 0 
7f23b0000000-7f23b0021000 rw-p 00000000 00:00 0 
7f23b0021000-7f23b4000000 ---p 00000000 00:00 0 
7f23b4000000-7f23b4021000 rw-p 00000000 00:00 0 
7f23b4021000-7f23b8000000 ---p 00000000 00:00 0 
7f23b8000000-7f23b8021000 rw-p 00000000 00:00 0 
7f23b8021000-7f23bc000000 ---p 00000000 00:00 0 
7f23bc000000-7f23bc021000 rw-p 00000000 00:00 0 
7f23bc021000-7f23c0000000 ---p 00000000 00:00 0 
7f23c0000000-7f23c0001000 r--s 00002000 08:01 1334189                    /opt/apache-maven-3.8.7/lib/wagon-file-3.5.3.jar
7f23c0001000-7f23c0005000 r--s 00028000 08:01 1334179                    /opt/apache-maven-3.8.7/lib/maven-resolver-impl-1.6.3.jar
7f23c0005000-7f23c0008000 r--s 00033000 08:01 1334193                    /opt/apache-maven-3.8.7/lib/jansi-2.4.0.jar
7f23c0008000-7f23c0012000 r--s 00117000 08:01 137769                     /usr/lib/jvm/java-8-openjdk-amd64/jre/lib/ext/localedata.jar
7f23c0012000-7f23c0767000 rw-p 00000000 00:00 0 
7f23c0767000-7f23c0939000 r--s 03cc5000 08:01 137794                     /usr/lib/jvm/java-8-openjdk-amd64/jre/lib/rt.jar
7f23c0939000-7f23c39dc000 rw-p 00000000 00:00 0 
7f23c39dc000-7f23c39dd000 ---p 00000000 00:00 0 
7f23c39dd000-7f23c3add000 rw-p 00000000 00:00 0 
7f23c3add000-7f23c3ade000 ---p 00000000 00:00 0 
7f23c3ade000-7f23c3bde000 rw-p 00000000 00:00 0 
7f23c3bde000-7f23c3bdf000 ---p 00000000 00:00 0 
7f23c3bdf000-7f23c3cdf000 rw-p 00000000 00:00 0 
7f23c3cdf000-7f23c3ce0000 ---p 00000000 00:00 0 
7f23c3ce0000-7f23c3e1e000 rw-p 00000000 00:00 0 
7f23c3e1e000-7f23c3f74000 ---p 00000000 00:00 0 
7f23c3f74000-7f23c3fb2000 rw-p 00000000 00:00 0 
7f23c3fb2000-7f23c4107000 ---p 00000000 00:00 0 
7f23c4107000-7f23c41a1000 rw-p 00000000 00:00 0 
7f23c41a1000-7f23c41d1000 ---p 00000000 00:00 0 
7f23c41d1000-7f23c4212000 rw-p 00000000 00:00 0 
7f23c4212000-7f23c4592000 ---p 00000000 00:00 0 
7f23c4592000-7f23c5582000 rwxp 00000000 00:00 0 
7f23c5582000-7f23d3592000 ---p 00000000 00:00 0 
7f23d3592000-7f23d359a000 r-xp 00000000 08:01 137754                     /usr/lib/jvm/java-8-openjdk-amd64/jre/lib/amd64/libzip.so
7f23d359a000-7f23d3799000 ---p 00008000 08:01 137754                     /usr/lib/jvm/java-8-openjdk-amd64/jre/lib/amd64/libzip.so
7f23d3799000-7f23d379a000 r--p 00007000 08:01 137754                     /usr/lib/jvm/java-8-openjdk-amd64/jre/lib/amd64/libzip.so
7f23d379a000-7f23d379b000 rw-p 00008000 08:01 137754                     /usr/lib/jvm/java-8-openjdk-amd64/jre/lib/amd64/libzip.so
7f23d379b000-7f23d37a6000 r-xp 00000000 08:01 1182006                    /lib/x86_64-linux-gnu/libnss_files-2.27.so
7f23d37a6000-7f23d39a5000 ---p 0000b000 08:01 1182006                    /lib/x86_64-linux-gnu/libnss_files-2.27.so
7f23d39a5000-7f23d39a6000 r--p 0000a000 08:01 1182006                    /lib/x86_64-linux-gnu/libnss_files-2.27.so
7f23d39a6000-7f23d39a7000 rw-p 0000b000 08:01 1182006                    /lib/x86_64-linux-gnu/libnss_files-2.27.so
7f23d39a7000-7f23d39ad000 rw-p 00000000 00:00 0 
7f23d39ad000-7f23d39c4000 r-xp 00000000 08:01 1182003                    /lib/x86_64-linux-gnu/libnsl-2.27.so
7f23d39c4000-7f23d3bc3000 ---p 00017000 08:01 1182003                    /lib/x86_64-linux-gnu/libnsl-2.27.so
7f23d3bc3000-7f23d3bc4000 r--p 00016000 08:01 1182003                    /lib/x86_64-linux-gnu/libnsl-2.27.so
7f23d3bc4000-7f23d3bc5000 rw-p 00017000 08:01 1182003                    /lib/x86_64-linux-gnu/libnsl-2.27.so
7f23d3bc5000-7f23d3bc7000 rw-p 00000000 00:00 0 
7f23d3bc7000-7f23d3bd2000 r-xp 00000000 08:01 1182008                    /lib/x86_64-linux-gnu/libnss_nis-2.27.so
7f23d3bd2000-7f23d3dd1000 ---p 0000b000 08:01 1182008                    /lib/x86_64-linux-gnu/libnss_nis-2.27.so
7f23d3dd1000-7f23d3dd2000 r--p 0000a000 08:01 1182008                    /lib/x86_64-linux-gnu/libnss_nis-2.27.so
7f23d3dd2000-7f23d3dd3000 rw-p 0000b000 08:01 1182008                    /lib/x86_64-linux-gnu/libnss_nis-2.27.so
7f23d3dd3000-7f23d3dfd000 r-xp 00000000 08:01 137735                     /usr/lib/jvm/java-8-openjdk-amd64/jre/lib/amd64/libjava.so
7f23d3dfd000-7f23d3ffd000 ---p 0002a000 08:01 137735                     /usr/lib/jvm/java-8-openjdk-amd64/jre/lib/amd64/libjava.so
7f23d3ffd000-7f23d3ffe000 r--p 0002a000 08:01 137735                     /usr/lib/jvm/java-8-openjdk-amd64/jre/lib/amd64/libjava.so
7f23d3ffe000-7f23d4000000 rw-p 0002b000 08:01 137735                     /usr/lib/jvm/java-8-openjdk-amd64/jre/lib/amd64/libjava.so
7f23d4000000-7f23d54aa000 rw-p 00000000 00:00 0 
7f23d54aa000-7f23d8000000 ---p 00000000 00:00 0 
7f23d8000000-7f23d8001000 r--s 00005000 08:01 1334192                    /opt/apache-maven-3.8.7/lib/maven-slf4j-provider-3.8.7.jar
7f23d8001000-7f23d8003000 r--s 0000a000 08:01 1334190                    /opt/apache-maven-3.8.7/lib/maven-resolver-connector-basic-1.6.3.jar
7f23d8003000-7f23d8005000 r--s 0000b000 08:01 1333943                    /opt/apache-maven-3.8.7/boot/plexus-classworlds-2.6.0.jar
7f23d8005000-7f23d8007000 r--s 00008000 08:01 137771                     /usr/lib/jvm/java-8-openjdk-amd64/jre/lib/ext/sunec.jar
7f23d8007000-7f23d800d000 r--s 0003e000 08:01 137772                     /usr/lib/jvm/java-8-openjdk-amd64/jre/lib/ext/sunjce_provider.jar
7f23d800d000-7f23d8015000 r-xp 00000000 08:01 1182004                    /lib/x86_64-linux-gnu/libnss_compat-2.27.so
7f23d8015000-7f23d8215000 ---p 00008000 08:01 1182004                    /lib/x86_64-linux-gnu/libnss_compat-2.27.so
7f23d8215000-7f23d8216000 r--p 00008000 08:01 1182004                    /lib/x86_64-linux-gnu/libnss_compat-2.27.so
7f23d8216000-7f23d8217000 rw-p 00009000 08:01 1182004                    /lib/x86_64-linux-gnu/libnss_compat-2.27.so
7f23d8217000-7f23d8227000 r-xp 00000000 08:01 137753                     /usr/lib/jvm/java-8-openjdk-amd64/jre/lib/amd64/libverify.so
7f23d8227000-7f23d8426000 ---p 00010000 08:01 137753                     /usr/lib/jvm/java-8-openjdk-amd64/jre/lib/amd64/libverify.so
7f23d8426000-7f23d8428000 r--p 0000f000 08:01 137753                     /usr/lib/jvm/java-8-openjdk-amd64/jre/lib/amd64/libverify.so
7f23d8428000-7f23d8429000 rw-p 00011000 08:01 137753                     /usr/lib/jvm/java-8-openjdk-amd64/jre/lib/amd64/libverify.so
7f23d8429000-7f23d8430000 r-xp 00000000 08:01 1182013                    /lib/x86_64-linux-gnu/librt-2.27.so
7f23d8430000-7f23d862f000 ---p 00007000 08:01 1182013                    /lib/x86_64-linux-gnu/librt-2.27.so
7f23d862f000-7f23d8630000 r--p 00006000 08:01 1182013                    /lib/x86_64-linux-gnu/librt-2.27.so
7f23d8630000-7f23d8631000 rw-p 00007000 08:01 1182013                    /lib/x86_64-linux-gnu/librt-2.27.so
7f23d8631000-7f23d8648000 r-xp 00000000 08:01 1185317                    /lib/x86_64-linux-gnu/libgcc_s.so.1
7f23d8648000-7f23d8847000 ---p 00017000 08:01 1185317                    /lib/x86_64-linux-gnu/libgcc_s.so.1
7f23d8847000-7f23d8848000 r--p 00016000 08:01 1185317                    /lib/x86_64-linux-gnu/libgcc_s.so.1
7f23d8848000-7f23d8849000 rw-p 00017000 08:01 1185317                    /lib/x86_64-linux-gnu/libgcc_s.so.1
7f23d8849000-7f23d89e6000 r-xp 00000000 08:01 1182000                    /lib/x86_64-linux-gnu/libm-2.27.so
7f23d89e6000-7f23d8be5000 ---p 0019d000 08:01 1182000                    /lib/x86_64-linux-gnu/libm-2.27.so
7f23d8be5000-7f23d8be6000 r--p 0019c000 08:01 1182000                    /lib/x86_64-linux-gnu/libm-2.27.so
7f23d8be6000-7f23d8be7000 rw-p 0019d000 08:01 1182000                    /lib/x86_64-linux-gnu/libm-2.27.so
7f23d8be7000-7f23d8d60000 r-xp 00000000 08:01 265850                     /usr/lib/x86_64-linux-gnu/libstdc++.so.6.0.25
7f23d8d60000-7f23d8f60000 ---p 00179000 08:01 265850                     /usr/lib/x86_64-linux-gnu/libstdc++.so.6.0.25
7f23d8f60000-7f23d8f6a000 r--p 00179000 08:01 265850                     /usr/lib/x86_64-linux-gnu/libstdc++.so.6.0.25
7f23d8f6a000-7f23d8f6c000 rw-p 00183000 08:01 265850                     /usr/lib/x86_64-linux-gnu/libstdc++.so.6.0.25
7f23d8f6c000-7f23d8f70000 rw-p 00000000 00:00 0 
7f23d8f70000-7f23d9ce8000 r-xp 00000000 08:01 137756                     /usr/lib/jvm/java-8-openjdk-amd64/jre/lib/amd64/server/libjvm.so
7f23d9ce8000-7f23d9ee8000 ---p 00d78000 08:01 137756                     /usr/lib/jvm/java-8-openjdk-amd64/jre/lib/amd64/server/libjvm.so
7f23d9ee8000-7f23d9f7e000 r--p 00d78000 08:01 137756                     /usr/lib/jvm/java-8-openjdk-amd64/jre/lib/amd64/server/libjvm.so
7f23d9f7e000-7f23d9fa7000 rw-p 00e0e000 08:01 137756                     /usr/lib/jvm/java-8-openjdk-amd64/jre/lib/amd64/server/libjvm.so
7f23d9fa7000-7f23d9fda000 rw-p 00000000 00:00 0 
7f23d9fda000-7f23d9ff4000 r-xp 00000000 08:01 1182011                    /lib/x86_64-linux-gnu/libpthread-2.27.so
7f23d9ff4000-7f23da1f3000 ---p 0001a000 08:01 1182011                    /lib/x86_64-linux-gnu/libpthread-2.27.so
7f23da1f3000-7f23da1f4000 r--p 00019000 08:01 1182011                    /lib/x86_64-linux-gnu/libpthread-2.27.so
7f23da1f4000-7f23da1f5000 rw-p 0001a000 08:01 1182011                    /lib/x86_64-linux-gnu/libpthread-2.27.so
7f23da1f5000-7f23da1f9000 rw-p 00000000 00:00 0 
7f23da1f9000-7f23da1fc000 r-xp 00000000 08:01 1181999                    /lib/x86_64-linux-gnu/libdl-2.27.so
7f23da1fc000-7f23da3fb000 ---p 00003000 08:01 1181999                    /lib/x86_64-linux-gnu/libdl-2.27.so
7f23da3fb000-7f23da3fc000 r--p 00002000 08:01 1181999                    /lib/x86_64-linux-gnu/libdl-2.27.so
7f23da3fc000-7f23da3fd000 rw-p 00003000 08:01 1181999                    /lib/x86_64-linux-gnu/libdl-2.27.so
7f23da3fd000-7f23da419000 r-xp 00000000 08:01 1181862                    /lib/x86_64-linux-gnu/libz.so.1.2.11
7f23da419000-7f23da618000 ---p 0001c000 08:01 1181862                    /lib/x86_64-linux-gnu/libz.so.1.2.11
7f23da618000-7f23da619000 r--p 0001b000 08:01 1181862                    /lib/x86_64-linux-gnu/libz.so.1.2.11
7f23da619000-7f23da61a000 rw-p 0001c000 08:01 1181862                    /lib/x86_64-linux-gnu/libz.so.1.2.11
7f23da61a000-7f23da801000 r-xp 00000000 08:01 1181996                    /lib/x86_64-linux-gnu/libc-2.27.so
7f23da801000-7f23daa01000 ---p 001e7000 08:01 1181996                    /lib/x86_64-linux-gnu/libc-2.27.so
7f23daa01000-7f23daa05000 r--p 001e7000 08:01 1181996                    /lib/x86_64-linux-gnu/libc-2.27.so
7f23daa05000-7f23daa07000 rw-p 001eb000 08:01 1181996                    /lib/x86_64-linux-gnu/libc-2.27.so
7f23daa07000-7f23daa0b000 rw-p 00000000 00:00 0 
7f23daa0b000-7f23daa19000 r-xp 00000000 08:01 137721                     /usr/lib/jvm/java-8-openjdk-amd64/jre/lib/amd64/jli/libjli.so
7f23daa19000-7f23dac18000 ---p 0000e000 08:01 137721                     /usr/lib/jvm/java-8-openjdk-amd64/jre/lib/amd64/jli/libjli.so
7f23dac18000-7f23dac19000 r--p 0000d000 08:01 137721                     /usr/lib/jvm/java-8-openjdk-amd64/jre/lib/amd64/jli/libjli.so
7f23dac19000-7f23dac1a000 rw-p 0000e000 08:01 137721                     /usr/lib/jvm/java-8-openjdk-amd64/jre/lib/amd64/jli/libjli.so
7f23dac1a000-7f23dac43000 r-xp 00000000 08:01 1181992                    /lib/x86_64-linux-gnu/ld-2.27.so
7f23dac43000-7f23dad20000 rw-p 00000000 00:00 0 
7f23dad20000-7f23dad21000 ---p 00000000 00:00 0 
7f23dad21000-7f23dad24000 ---p 00000000 00:00 0 
7f23dad24000-7f23dae23000 rw-p 00000000 00:00 0 
7f23dae23000-7f23dae24000 r--s 0000a000 08:01 137768                     /usr/lib/jvm/java-8-openjdk-amd64/jre/lib/ext/jaccess.jar
7f23dae24000-7f23dae26000 r--s 00007000 08:01 524989                     /usr/share/java/java-atk-wrapper.jar
7f23dae26000-7f23dae28000 r--s 00001000 08:01 137766                     /usr/lib/jvm/java-8-openjdk-amd64/jre/lib/ext/dnsns.jar
7f23dae28000-7f23dae2b000 r--s 00042000 08:01 137773                     /usr/lib/jvm/java-8-openjdk-amd64/jre/lib/ext/sunpkcs11.jar
7f23dae2b000-7f23dae2d000 r--s 00010000 08:01 137774                     /usr/lib/jvm/java-8-openjdk-amd64/jre/lib/ext/zipfs.jar
7f23dae2d000-7f23dae30000 r--s 0000f000 08:01 137767                     /usr/lib/jvm/java-8-openjdk-amd64/jre/lib/ext/icedtea-sound.jar
7f23dae30000-7f23dae37000 r--s 000d3000 08:01 137788                     /usr/lib/jvm/java-8-openjdk-amd64/jre/lib/jfr.jar
7f23dae37000-7f23dae3f000 rw-s 00000000 08:01 1076014                    /tmp/hsperfdata_spl211/28920
7f23dae3f000-7f23dae40000 rw-p 00000000 00:00 0 
7f23dae40000-7f23dae41000 ---p 00000000 00:00 0 
7f23dae41000-7f23dae43000 rw-p 00000000 00:00 0 
7f23dae43000-7f23dae44000 r--p 00029000 08:01 1181992                    /lib/x86_64-linux-gnu/ld-2.27.so
7f23dae44000-7f23dae45000 rw-p 0002a000 08:01 1181992                    /lib/x86_64-linux-gnu/ld-2.27.so
7f23dae45000-7f23dae46000 rw-p 00000000 00:00 0 
7ffe23f54000-7ffe23f76000 rw-p 00000000 00:00 0                          [stack]
7ffe23f8a000-7ffe23f8d000 r--p 00000000 00:00 0                          [vvar]
7ffe23f8d000-7ffe23f8f000 r-xp 00000000 00:00 0                          [vdso]
ffffffffff600000-ffffffffff601000 r-xp 00000000 00:00 0                  [vsyscall]

VM Arguments:
jvm_args: -Dclassworlds.conf=/opt/apache-maven-3.8.7/bin/m2.conf -Dmaven.home=/opt/apache-maven-3.8.7 -Dlibrary.jansi.path=/opt/apache-maven-3.8.7/lib/jansi-native -Dmaven.multiModuleProjectDirectory=/home/spl211/Desktop/Hadoop_103/Hadoop/Application 
java_command: org.codehaus.plexus.classworlds.launcher.Launcher clean package
java_class_path (initial): /opt/apache-maven-3.8.7/boot/plexus-classworlds-2.6.0.jar
Launcher Type: SUN_STANDARD

Environment Variables:
JAVA_HOME=/usr/lib/jvm/java-8-openjdk-amd64
PATH=/usr/lib/jvm/java-8-openjdk-amd64/bin:/opt/apache-maven-3.8.7/bin:/home/spl211/.opam/system/bin:/home/spl211/.local/bin:/usr/lib/jvm/java-8-openjdk-amd64/bin:/opt/apache-maven-3.8.7/bin:/home/spl211/.opam/system/bin:/home/spl211/.local/bin:/usr/local/sbin:/usr/local/bin:/usr/sbin:/usr/bin:/sbin:/bin:/usr/games:/usr/local/games:/snap/bin:/path/to/maven/bin:/path/to/maven/bin:/path/to/maven/bin
USERNAME=spl211
SHELL=/bin/bash
DISPLAY=:0

Signal Handlers:
SIGSEGV: [libjvm.so+0xb74e70], sa_mask[0]=11111111011111111101111111111110, sa_flags=SA_RESTART|SA_SIGINFO
SIGBUS: [libjvm.so+0xb74e70], sa_mask[0]=11111111011111111101111111111110, sa_flags=SA_RESTART|SA_SIGINFO
SIGFPE: [libjvm.so+0x993ec0], sa_mask[0]=11111111011111111101111111111110, sa_flags=SA_RESTART|SA_SIGINFO
SIGPIPE: [libjvm.so+0x993ec0], sa_mask[0]=11111111011111111101111111111110, sa_flags=SA_RESTART|SA_SIGINFO
SIGXFSZ: [libjvm.so+0x993ec0], sa_mask[0]=11111111011111111101111111111110, sa_flags=SA_RESTART|SA_SIGINFO
SIGILL: [libjvm.so+0x993ec0], sa_mask[0]=11111111011111111101111111111110, sa_flags=SA_RESTART|SA_SIGINFO
SIGUSR1: SIG_DFL, sa_mask[0]=00000000000000000000000000000000, sa_flags=none
SIGUSR2: [libjvm.so+0x9944a0], sa_mask[0]=00000000000000000000000000000000, sa_flags=SA_RESTART|SA_SIGINFO
SIGHUP: [libjvm.so+0x9943e0], sa_mask[0]=11111111011111111101111111111110, sa_flags=SA_RESTART|SA_SIGINFO
SIGINT: [libjvm.so+0x9943e0], sa_mask[0]=11111111011111111101111111111110, sa_flags=SA_RESTART|SA_SIGINFO
SIGTERM: [libjvm.so+0x9943e0], sa_mask[0]=11111111011111111101111111111110, sa_flags=SA_RESTART|SA_SIGINFO
SIGQUIT: [libjvm.so+0x9943e0], sa_mask[0]=11111111011111111101111111111110, sa_flags=SA_RESTART|SA_SIGINFO


---------------  S Y S T E M  ---------------

OS:DISTRIB_ID=Ubuntu
DISTRIB_RELEASE=18.04
DISTRIB_CODENAME=bionic
DISTRIB_DESCRIPTION="Ubuntu 18.04.1 LTS"

uname:Linux 4.15.0-213-generic #224-Ubuntu SMP Mon Jun 19 13:30:12 UTC 2023 x86_64
libc:glibc 2.27 NPTL 2.27 
rlimit: STACK 8192k, CORE 0k, NPROC 19082, NOFILE 1048576, AS infinity
load average:2.45 1.56 1.31

/proc/meminfo:
MemTotal:        4952132 kB
MemFree:           89468 kB
MemAvailable:          0 kB
Buffers:             456 kB
Cached:           229984 kB
SwapCached:        21520 kB
Active:          3928800 kB
Inactive:         663536 kB
Active(anon):    3918428 kB
Inactive(anon):   653240 kB
Active(file):      10372 kB
Inactive(file):    10296 kB
Unevictable:          48 kB
Mlocked:              48 kB
SwapTotal:        969960 kB
SwapFree:              0 kB
Dirty:                64 kB
Writeback:            84 kB
AnonPages:       4340920 kB
Mapped:           222024 kB
Shmem:            209452 kB
Slab:             101076 kB
SReclaimable:      37636 kB
SUnreclaim:        63440 kB
KernelStack:       19104 kB
PageTables:        74100 kB
NFS_Unstable:          0 kB
Bounce:                0 kB
WritebackTmp:          0 kB
CommitLimit:     3446024 kB
Committed_AS:   12551336 kB
VmallocTotal:   34359738367 kB
VmallocUsed:           0 kB
VmallocChunk:          0 kB
HardwareCorrupted:     0 kB
AnonHugePages:         0 kB
ShmemHugePages:        0 kB
ShmemPmdMapped:        0 kB
CmaTotal:              0 kB
CmaFree:               0 kB
HugePages_Total:       0
HugePages_Free:        0
HugePages_Rsvd:        0
HugePages_Surp:        0
Hugepagesize:       2048 kB
DirectMap4k:      296896 kB
DirectMap2M:     4827136 kB

container (cgroup) information:
container_type: cgroupv1
cpu_cpuset_cpus: 0-3
cpu_memory_nodes: 0
active_processor_count: 4
cpu_quota: -1
cpu_period: 100000
cpu_shares: -1
memory_limit_in_bytes: -1
memory_and_swap_limit_in_bytes: -2
memory_soft_limit_in_bytes: -1
memory_usage_in_bytes: 4691763200
memory_max_usage_in_bytes: 0


CPU:total 4 (initial active 4) (4 cores per cpu, 1 threads per core) family 6 model 140 stepping 1, cmov, cx8, fxsr, mmx, sse, sse2, sse3, ssse3, sse4.1, sse4.2, popcnt, avx, avx2, aes, clmul, 3dnowpref, lzcnt, tsc, tscinvbit

/proc/cpuinfo:
processor	: 0
vendor_id	: GenuineIntel
cpu family	: 6
model		: 140
model name	: 11th Gen Intel(R) Core(TM) i7-1165G7 @ 2.80GHz
stepping	: 1
cpu MHz		: 2803.218
cache size	: 12288 KB
physical id	: 0
siblings	: 4
core id		: 0
cpu cores	: 4
apicid		: 0
initial apicid	: 0
fpu		: yes
fpu_exception	: yes
cpuid level	: 22
wp		: yes
flags		: fpu vme de pse tsc msr pae mce cx8 apic sep mtrr pge mca cmov pat pse36 clflush mmx fxsr sse sse2 ht syscall nx rdtscp lm constant_tsc rep_good nopl xtopology nonstop_tsc cpuid tsc_known_freq pni pclmulqdq ssse3 cx16 pcid sse4_1 sse4_2 x2apic movbe popcnt aes xsave avx rdrand hypervisor lahf_lm abm 3dnowprefetch invpcid_single fsgsbase avx2 invpcid rdseed clflushopt md_clear flush_l1d arch_capabilities
bugs		: spectre_v1 spectre_v2 spec_store_bypass swapgs
bogomips	: 5606.43
clflush size	: 64
cache_alignment	: 64
address sizes	: 39 bits physical, 48 bits virtual
power management:

processor	: 1
vendor_id	: GenuineIntel
cpu family	: 6
model		: 140
model name	: 11th Gen Intel(R) Core(TM) i7-1165G7 @ 2.80GHz
stepping	: 1
cpu MHz		: 2803.218
cache size	: 12288 KB
physical id	: 0
siblings	: 4
core id		: 1
cpu cores	: 4
apicid		: 1
initial apicid	: 1
fpu		: yes
fpu_exception	: yes
cpuid level	: 22
wp		: yes
flags		: fpu vme de pse tsc msr pae mce cx8 apic sep mtrr pge mca cmov pat pse36 clflush mmx fxsr sse sse2 ht syscall nx rdtscp lm constant_tsc rep_good nopl xtopology nonstop_tsc cpuid tsc_known_freq pni pclmulqdq ssse3 cx16 pcid sse4_1 sse4_2 x2apic movbe popcnt aes xsave avx rdrand hypervisor lahf_lm abm 3dnowprefetch invpcid_single fsgsbase avx2 invpcid rdseed clflushopt md_clear flush_l1d arch_capabilities
bugs		: spectre_v1 spectre_v2 spec_store_bypass swapgs
bogomips	: 5606.43
clflush size	: 64
cache_alignment	: 64
address sizes	: 39 bits physical, 48 bits virtual
power management:

processor	: 2
vendor_id	: GenuineIntel
cpu family	: 6
model		: 140
model name	: 11th Gen Intel(R) Core(TM) i7-1165G7 @ 2.80GHz
stepping	: 1
cpu MHz		: 2803.218
cache size	: 12288 KB
physical id	: 0
siblings	: 4
core id		: 2
cpu cores	: 4
apicid		: 2
initial apicid	: 2
fpu		: yes
fpu_exception	: yes
cpuid level	: 22
wp		: yes
flags		: fpu vme de pse tsc msr pae mce cx8 apic sep mtrr pge mca cmov pat pse36 clflush mmx fxsr sse sse2 ht syscall nx rdtscp lm constant_tsc rep_good nopl xtopology nonstop_tsc cpuid tsc_known_freq pni pclmulqdq ssse3 cx16 pcid sse4_1 sse4_2 x2apic movbe popcnt aes xsave avx rdrand hypervisor lahf_lm abm 3dnowprefetch invpcid_single fsgsbase avx2 invpcid rdseed clflushopt md_clear flush_l1d arch_capabilities
bugs		: spectre_v1 spectre_v2 spec_store_bypass swapgs
bogomips	: 5606.43
clflush size	: 64
cache_alignment	: 64
address sizes	: 39 bits physical, 48 bits virtual
power management:

processor	: 3
vendor_id	: GenuineIntel
cpu family	: 6
model		: 140
model name	: 11th Gen Intel(R) Core(TM) i7-1165G7 @ 2.80GHz
stepping	: 1
cpu MHz		: 2803.218
cache size	: 12288 KB
physical id	: 0
siblings	: 4
core id		: 3
cpu cores	: 4
apicid		: 3
initial apicid	: 3
fpu		: yes
fpu_exception	: yes
cpuid level	: 22
wp		: yes
flags		: fpu vme de pse tsc msr pae mce cx8 apic sep mtrr pge mca cmov pat pse36 clflush mmx fxsr sse sse2 ht syscall nx rdtscp lm constant_tsc rep_good nopl xtopology nonstop_tsc cpuid tsc_known_freq pni pclmulqdq ssse3 cx16 pcid sse4_1 sse4_2 x2apic movbe popcnt aes xsave avx rdrand hypervisor lahf_lm abm 3dnowprefetch invpcid_single fsgsbase avx2 invpcid rdseed clflushopt md_clear flush_l1d arch_capabilities
bugs		: spectre_v1 spectre_v2 spec_store_bypass swapgs
bogomips	: 5606.43
clflush size	: 64
cache_alignment	: 64
address sizes	: 39 bits physical, 48 bits virtual
power management:



Memory: 4k page, physical 4952132k(88840k free), swap 969960k(0k free)

vm_info: OpenJDK 64-Bit Server VM (25.362-b09) for linux-amd64 JRE (1.8.0_362-8u372-ga~us1-0ubuntu1~18.04-b09), built on May  6 2023 07:49:22 by "buildd" with gcc 7.5.0

time: Tue Mar 12 11:26:06 2024
timezone: IST
elapsed time: 14.980893 seconds (0d 0h 0m 14s)

